<?xml version="1.0" encoding="UTF-8"?>
<!-- Generated by org.testng.reporters.JUnitReportReporter -->
<testsuite hostname="DESKTOP-IBJRMPG" failures="0" tests="3" name="hSPE.admin.testcases.homepagetest" time="167.905" errors="0" timestamp="25 Apr 2021 13:32:22 GMT" skipped="0">
  <testcase classname="hSPE.admin.testcases.homepagetest" name="checktitletest" time="67.872"/>
  <testcase classname="hSPE.admin.testcases.homepagetest" name="checkuserlabel" time="48.522"/>
  <testcase classname="hSPE.admin.testcases.homepagetest" name="checkfrontofficeclick" time="51.511"/>
</testsuite> <!-- hSPE.admin.testcases.homepagetest -->
