<?xml version="1.0" encoding="UTF-8"?>
<!-- Generated by org.testng.reporters.JUnitReportReporter -->
<testsuite hostname="DESKTOP-IBJRMPG" failures="0" tests="4" name="hSPE.admin.testcases.visitorpagetest" time="292.186" errors="0" timestamp="25 Apr 2021 13:32:23 GMT" skipped="0">
  <testcase classname="hSPE.admin.testcases.visitorpagetest" name="verifyexceldata" time="96.086"/>
  <testcase classname="hSPE.admin.testcases.visitorpagetest" name="verifyvisitortext" time="57.870"/>
  <testcase classname="hSPE.admin.testcases.visitorpagetest" name="verifyadvisitortitle" time="67.041"/>
  <testcase classname="hSPE.admin.testcases.visitorpagetest" name="verifyaddvisitor" time="71.189"/>
</testsuite> <!-- hSPE.admin.testcases.visitorpagetest -->
