<?xml version="1.0" encoding="UTF-8"?>
<!-- Generated by org.testng.reporters.JUnitReportReporter -->
<testsuite hostname="DESKTOP-IBJRMPG" failures="0" tests="3" name="hSPE.admin.testcases.logintestcases" time="88.525" errors="0" timestamp="25 Apr 2021 13:32:23 GMT" skipped="0">
  <testcase classname="hSPE.admin.testcases.logintestcases" name="titletest" time="15.924"/>
  <testcase classname="hSPE.admin.testcases.logintestcases" name="logotest" time="33.579"/>
  <testcase classname="hSPE.admin.testcases.logintestcases" name="login" time="39.022"/>
</testsuite> <!-- hSPE.admin.testcases.logintestcases -->
