<?xml version="1.0" encoding="UTF-8"?>
<!-- Generated by org.testng.reporters.JUnitReportReporter -->
<testsuite hostname="DESKTOP-IBJRMPG" failures="0" tests="2" name="hSPE.pages.logintestcases" time="45.890" errors="0" timestamp="17 Apr 2021 06:48:30 GMT" skipped="0">
  <testcase classname="hSPE.pages.logintestcases" name="titletest" time="15.922"/>
  <testcase classname="hSPE.pages.logintestcases" name="logotest" time="29.968"/>
</testsuite> <!-- hSPE.pages.logintestcases -->
