<?xml version="1.0" encoding="UTF-8"?>
<!-- Generated by org.testng.reporters.JUnitReportReporter -->
<testsuite hostname="DESKTOP-IBJRMPG" failures="0" tests="2" name="hSPE.admin.testcases.frontofficetest" time="120.551" errors="0" timestamp="25 Apr 2021 13:32:23 GMT" skipped="0">
  <testcase classname="hSPE.admin.testcases.frontofficetest" name="checkapmnttext" time="53.594"/>
  <testcase classname="hSPE.admin.testcases.frontofficetest" name="clickvisitortest" time="66.957"/>
</testsuite> <!-- hSPE.admin.testcases.frontofficetest -->
