<?xml version="1.0" encoding="UTF-8"?>
<!-- Generated by org.testng.reporters.JUnitReportReporter -->
<testsuite hostname="DESKTOP-IBJRMPG" failures="0" tests="1" name="hSPE.admin.testcases.NewTest" time="54.505" errors="0" timestamp="15 Apr 2021 18:29:19 GMT" skipped="0">
  <testcase classname="hSPE.admin.testcases.NewTest" name="f" time="54.505"/>
</testsuite> <!-- hSPE.admin.testcases.NewTest -->
