<?xml version="1.0" encoding="UTF-8"?>
<!-- Generated by org.testng.reporters.JUnitReportReporter -->
<testsuite hostname="DESKTOP-IBJRMPG" failures="0" tests="3" name="hSPE.admin.testcases.homepagetest" time="127.660" errors="0" timestamp="25 Apr 2021 13:53:48 GMT" skipped="0">
  <testcase classname="hSPE.admin.testcases.homepagetest" name="checktitletest" time="52.087"/>
  <testcase classname="hSPE.admin.testcases.homepagetest" name="checkuserlabel" time="39.025"/>
  <testcase classname="hSPE.admin.testcases.homepagetest" name="checkfrontofficeclick" time="36.548"/>
</testsuite> <!-- hSPE.admin.testcases.homepagetest -->
