<?xml version="1.0" encoding="UTF-8"?>
<!-- Generated by org.testng.reporters.JUnitReportReporter -->
<testsuite hostname="DESKTOP-IBJRMPG" failures="0" tests="3" name="hSPE.admin.testcases.logintestcases" time="174.695" errors="0" timestamp="25 Apr 2021 13:53:48 GMT" skipped="0">
  <testcase classname="hSPE.admin.testcases.logintestcases" name="titletest" time="87.069"/>
  <testcase classname="hSPE.admin.testcases.logintestcases" name="logotest" time="23.169"/>
  <testcase classname="hSPE.admin.testcases.logintestcases" name="login" time="64.457"/>
</testsuite> <!-- hSPE.admin.testcases.logintestcases -->
