<?xml version="1.0" encoding="UTF-8"?>
<!-- Generated by org.testng.reporters.JUnitReportReporter -->
<testsuite hostname="DESKTOP-IBJRMPG" failures="0" tests="4" name="hSPE.admin.testcases.visitorpagetest" time="352.288" errors="0" timestamp="25 Apr 2021 13:53:48 GMT" skipped="0">
  <testcase classname="hSPE.admin.testcases.visitorpagetest" name="verifyvisitortext" time="65.754"/>
  <testcase classname="hSPE.admin.testcases.visitorpagetest" name="verifyadvisitortitle" time="78.011"/>
  <testcase classname="hSPE.admin.testcases.visitorpagetest" name="verifyaddvisitor" time="136.446"/>
  <testcase classname="hSPE.admin.testcases.visitorpagetest" name="verifyexceldata" time="72.077"/>
</testsuite> <!-- hSPE.admin.testcases.visitorpagetest -->
