<?xml version="1.0" encoding="UTF-8"?>
<!-- Generated by org.testng.reporters.JUnitReportReporter -->
<testsuite hostname="DESKTOP-IBJRMPG" failures="0" tests="2" name="hSPE.admin.testcases.frontofficetest" time="116.205" errors="0" timestamp="25 Apr 2021 13:53:48 GMT" skipped="0">
  <testcase classname="hSPE.admin.testcases.frontofficetest" name="checkapmnttext" time="51.157"/>
  <testcase classname="hSPE.admin.testcases.frontofficetest" name="clickvisitortest" time="65.048"/>
</testsuite> <!-- hSPE.admin.testcases.frontofficetest -->
